<?xml version="1.0" encoding="UTF-8"?>
<testsuite name="testManager.ApiTesting" tests="1" skipped="0" failures="0" errors="0" timestamp="2019-09-13T09:11:55" hostname="SSAHMDTL03503" time="1.219">
  <properties/>
  <testcase name="dissociateDiscount[0]({method=delete, payload=customerManagementApi/billingAccount/{accountNumber}/dissociateDiscount, statusCode=200})" classname="testManager.ApiTesting" time="1.219"/>
  <system-out><![CDATA[0 [Test worker] DEBUG org.apache.http.impl.conn.BasicClientConnectionManager  - Get connection for route {}->http://dev.restapi.com:30005
0 [Test worker] DEBUG org.apache.http.impl.conn.BasicClientConnectionManager  - Get connection for route {}->http://dev.restapi.com:30005
11 [Test worker] DEBUG org.apache.http.impl.conn.DefaultClientConnectionOperator  - Connecting to dev.restapi.com:30005
11 [Test worker] DEBUG org.apache.http.impl.conn.DefaultClientConnectionOperator  - Connecting to dev.restapi.com:30005
20 [Test worker] DEBUG org.apache.http.client.protocol.RequestAddCookies  - CookieSpec selected: ignoreCookies
20 [Test worker] DEBUG org.apache.http.client.protocol.RequestAddCookies  - CookieSpec selected: ignoreCookies
20 [Test worker] DEBUG org.apache.http.client.protocol.RequestAuthCache  - Auth cache not set in the context
20 [Test worker] DEBUG org.apache.http.client.protocol.RequestAuthCache  - Auth cache not set in the context
20 [Test worker] DEBUG org.apache.http.client.protocol.RequestTargetAuthentication  - Target auth state: UNCHALLENGED
20 [Test worker] DEBUG org.apache.http.client.protocol.RequestTargetAuthentication  - Target auth state: UNCHALLENGED
21 [Test worker] DEBUG org.apache.http.client.protocol.RequestProxyAuthentication  - Proxy auth state: UNCHALLENGED
21 [Test worker] DEBUG org.apache.http.client.protocol.RequestProxyAuthentication  - Proxy auth state: UNCHALLENGED
21 [Test worker] DEBUG org.apache.http.impl.client.DefaultHttpClient  - Attempt 1 to execute request
21 [Test worker] DEBUG org.apache.http.impl.client.DefaultHttpClient  - Attempt 1 to execute request
21 [Test worker] DEBUG org.apache.http.impl.conn.DefaultClientConnection  - Sending request: DELETE /rest/customerManagementApi/billingAccount/ELITE010188/dissociateDiscount HTTP/1.1
21 [Test worker] DEBUG org.apache.http.impl.conn.DefaultClientConnection  - Sending request: DELETE /rest/customerManagementApi/billingAccount/ELITE010188/dissociateDiscount HTTP/1.1
21 [Test worker] DEBUG org.apache.http.wire  -  >> "DELETE /rest/customerManagementApi/billingAccount/ELITE010188/dissociateDiscount HTTP/1.1[\r][\n]"
21 [Test worker] DEBUG org.apache.http.wire  -  >> "DELETE /rest/customerManagementApi/billingAccount/ELITE010188/dissociateDiscount HTTP/1.1[\r][\n]"
22 [Test worker] DEBUG org.apache.http.wire  -  >> "password: sysadmin[\r][\n]"
22 [Test worker] DEBUG org.apache.http.wire  -  >> "password: sysadmin[\r][\n]"
22 [Test worker] DEBUG org.apache.http.wire  -  >> "Accept: */*[\r][\n]"
22 [Test worker] DEBUG org.apache.http.wire  -  >> "Accept: */*[\r][\n]"
22 [Test worker] DEBUG org.apache.http.wire  -  >> "username: admin[\r][\n]"
22 [Test worker] DEBUG org.apache.http.wire  -  >> "username: admin[\r][\n]"
22 [Test worker] DEBUG org.apache.http.wire  -  >> "Content-Type: application/json; charset=UTF-8[\r][\n]"
22 [Test worker] DEBUG org.apache.http.wire  -  >> "Content-Type: application/json; charset=UTF-8[\r][\n]"
22 [Test worker] DEBUG org.apache.http.wire  -  >> "Content-Length: 100[\r][\n]"
22 [Test worker] DEBUG org.apache.http.wire  -  >> "Content-Length: 100[\r][\n]"
22 [Test worker] DEBUG org.apache.http.wire  -  >> "Host: dev.restapi.com:30005[\r][\n]"
22 [Test worker] DEBUG org.apache.http.wire  -  >> "Host: dev.restapi.com:30005[\r][\n]"
23 [Test worker] DEBUG org.apache.http.wire  -  >> "Connection: Keep-Alive[\r][\n]"
23 [Test worker] DEBUG org.apache.http.wire  -  >> "Connection: Keep-Alive[\r][\n]"
23 [Test worker] DEBUG org.apache.http.wire  -  >> "User-Agent: Apache-HttpClient/4.5.3 (Java/11.0.2)[\r][\n]"
23 [Test worker] DEBUG org.apache.http.wire  -  >> "User-Agent: Apache-HttpClient/4.5.3 (Java/11.0.2)[\r][\n]"
23 [Test worker] DEBUG org.apache.http.wire  -  >> "Accept-Encoding: gzip,deflate[\r][\n]"
23 [Test worker] DEBUG org.apache.http.wire  -  >> "Accept-Encoding: gzip,deflate[\r][\n]"
23 [Test worker] DEBUG org.apache.http.wire  -  >> "[\r][\n]"
23 [Test worker] DEBUG org.apache.http.wire  -  >> "[\r][\n]"
23 [Test worker] DEBUG org.apache.http.headers  - >> DELETE /rest/customerManagementApi/billingAccount/ELITE010188/dissociateDiscount HTTP/1.1
23 [Test worker] DEBUG org.apache.http.headers  - >> DELETE /rest/customerManagementApi/billingAccount/ELITE010188/dissociateDiscount HTTP/1.1
23 [Test worker] DEBUG org.apache.http.headers  - >> password: sysadmin
23 [Test worker] DEBUG org.apache.http.headers  - >> password: sysadmin
23 [Test worker] DEBUG org.apache.http.headers  - >> Accept: */*
23 [Test worker] DEBUG org.apache.http.headers  - >> Accept: */*
23 [Test worker] DEBUG org.apache.http.headers  - >> username: admin
23 [Test worker] DEBUG org.apache.http.headers  - >> username: admin
23 [Test worker] DEBUG org.apache.http.headers  - >> Content-Type: application/json; charset=UTF-8
23 [Test worker] DEBUG org.apache.http.headers  - >> Content-Type: application/json; charset=UTF-8
24 [Test worker] DEBUG org.apache.http.headers  - >> Content-Length: 100
24 [Test worker] DEBUG org.apache.http.headers  - >> Content-Length: 100
24 [Test worker] DEBUG org.apache.http.headers  - >> Host: dev.restapi.com:30005
24 [Test worker] DEBUG org.apache.http.headers  - >> Host: dev.restapi.com:30005
24 [Test worker] DEBUG org.apache.http.headers  - >> Connection: Keep-Alive
24 [Test worker] DEBUG org.apache.http.headers  - >> Connection: Keep-Alive
24 [Test worker] DEBUG org.apache.http.headers  - >> User-Agent: Apache-HttpClient/4.5.3 (Java/11.0.2)
24 [Test worker] DEBUG org.apache.http.headers  - >> User-Agent: Apache-HttpClient/4.5.3 (Java/11.0.2)
24 [Test worker] DEBUG org.apache.http.headers  - >> Accept-Encoding: gzip,deflate
24 [Test worker] DEBUG org.apache.http.headers  - >> Accept-Encoding: gzip,deflate
24 [Test worker] DEBUG org.apache.http.wire  -  >> "{"discountName":"Customer_StliQA_301051139","ipAddress":"10.121.25.117","action":{"remarks":"test"}}"
24 [Test worker] DEBUG org.apache.http.wire  -  >> "{"discountName":"Customer_StliQA_301051139","ipAddress":"10.121.25.117","action":{"remarks":"test"}}"
336 [Test worker] DEBUG org.apache.http.wire  -  << "HTTP/1.1 200 OK[\r][\n]"
336 [Test worker] DEBUG org.apache.http.wire  -  << "HTTP/1.1 200 OK[\r][\n]"
339 [Test worker] DEBUG org.apache.http.wire  -  << "X-Powered-By: Undertow/1[\r][\n]"
339 [Test worker] DEBUG org.apache.http.wire  -  << "X-Powered-By: Undertow/1[\r][\n]"
340 [Test worker] DEBUG org.apache.http.wire  -  << "Access-Control-Allow-Headers: content-type,password,username,ipaddress,tenantid,Authorization[\r][\n]"
340 [Test worker] DEBUG org.apache.http.wire  -  << "Access-Control-Allow-Headers: content-type,password,username,ipaddress,tenantid,Authorization[\r][\n]"
340 [Test worker] DEBUG org.apache.http.wire  -  << "Server: WildFly/10[\r][\n]"
340 [Test worker] DEBUG org.apache.http.wire  -  << "Server: WildFly/10[\r][\n]"
341 [Test worker] DEBUG org.apache.http.wire  -  << "X-Frame-Options: sameorigin[\r][\n]"
341 [Test worker] DEBUG org.apache.http.wire  -  << "X-Frame-Options: sameorigin[\r][\n]"
341 [Test worker] DEBUG org.apache.http.wire  -  << "Access-Control-Expose-Headers: Location[\r][\n]"
341 [Test worker] DEBUG org.apache.http.wire  -  << "Access-Control-Expose-Headers: Location[\r][\n]"
341 [Test worker] DEBUG org.apache.http.wire  -  << "Content-Security-Policy: frame-src 'self'; frame-ancestors 'self'; object-src 'self'[\r][\n]"
341 [Test worker] DEBUG org.apache.http.wire  -  << "Content-Security-Policy: frame-src 'self'; frame-ancestors 'self'; object-src 'self'[\r][\n]"
342 [Test worker] DEBUG org.apache.http.wire  -  << "Date: Fri, 13 Sep 2019 09:12:25 GMT[\r][\n]"
342 [Test worker] DEBUG org.apache.http.wire  -  << "Date: Fri, 13 Sep 2019 09:12:25 GMT[\r][\n]"
342 [Test worker] DEBUG org.apache.http.wire  -  << "Connection: keep-alive[\r][\n]"
342 [Test worker] DEBUG org.apache.http.wire  -  << "Connection: keep-alive[\r][\n]"
342 [Test worker] DEBUG org.apache.http.wire  -  << "Access-Control-Allow-Origin: *[\r][\n]"
342 [Test worker] DEBUG org.apache.http.wire  -  << "Access-Control-Allow-Origin: *[\r][\n]"
343 [Test worker] DEBUG org.apache.http.wire  -  << "Transfer-Encoding: chunked[\r][\n]"
343 [Test worker] DEBUG org.apache.http.wire  -  << "Transfer-Encoding: chunked[\r][\n]"
343 [Test worker] DEBUG org.apache.http.wire  -  << "Content-Type: application/json[\r][\n]"
343 [Test worker] DEBUG org.apache.http.wire  -  << "Content-Type: application/json[\r][\n]"
343 [Test worker] DEBUG org.apache.http.wire  -  << "Access-Control-Allow-Methods: GET,POST,HEAD,OPTIONS,PUT,DELETE,PATCH[\r][\n]"
343 [Test worker] DEBUG org.apache.http.wire  -  << "Access-Control-Allow-Methods: GET,POST,HEAD,OPTIONS,PUT,DELETE,PATCH[\r][\n]"
344 [Test worker] DEBUG org.apache.http.wire  -  << "[\r][\n]"
344 [Test worker] DEBUG org.apache.http.wire  -  << "[\r][\n]"
345 [Test worker] DEBUG org.apache.http.impl.conn.DefaultClientConnection  - Receiving response: HTTP/1.1 200 OK
345 [Test worker] DEBUG org.apache.http.impl.conn.DefaultClientConnection  - Receiving response: HTTP/1.1 200 OK
345 [Test worker] DEBUG org.apache.http.headers  - << HTTP/1.1 200 OK
345 [Test worker] DEBUG org.apache.http.headers  - << HTTP/1.1 200 OK
346 [Test worker] DEBUG org.apache.http.headers  - << X-Powered-By: Undertow/1
346 [Test worker] DEBUG org.apache.http.headers  - << X-Powered-By: Undertow/1
346 [Test worker] DEBUG org.apache.http.headers  - << Access-Control-Allow-Headers: content-type,password,username,ipaddress,tenantid,Authorization
346 [Test worker] DEBUG org.apache.http.headers  - << Access-Control-Allow-Headers: content-type,password,username,ipaddress,tenantid,Authorization
346 [Test worker] DEBUG org.apache.http.headers  - << Server: WildFly/10
346 [Test worker] DEBUG org.apache.http.headers  - << Server: WildFly/10
346 [Test worker] DEBUG org.apache.http.headers  - << X-Frame-Options: sameorigin
346 [Test worker] DEBUG org.apache.http.headers  - << X-Frame-Options: sameorigin
346 [Test worker] DEBUG org.apache.http.headers  - << Access-Control-Expose-Headers: Location
346 [Test worker] DEBUG org.apache.http.headers  - << Access-Control-Expose-Headers: Location
347 [Test worker] DEBUG org.apache.http.headers  - << Content-Security-Policy: frame-src 'self'; frame-ancestors 'self'; object-src 'self'
347 [Test worker] DEBUG org.apache.http.headers  - << Content-Security-Policy: frame-src 'self'; frame-ancestors 'self'; object-src 'self'
347 [Test worker] DEBUG org.apache.http.headers  - << Date: Fri, 13 Sep 2019 09:12:25 GMT
347 [Test worker] DEBUG org.apache.http.headers  - << Date: Fri, 13 Sep 2019 09:12:25 GMT
347 [Test worker] DEBUG org.apache.http.headers  - << Connection: keep-alive
347 [Test worker] DEBUG org.apache.http.headers  - << Connection: keep-alive
347 [Test worker] DEBUG org.apache.http.headers  - << Access-Control-Allow-Origin: *
347 [Test worker] DEBUG org.apache.http.headers  - << Access-Control-Allow-Origin: *
348 [Test worker] DEBUG org.apache.http.headers  - << Transfer-Encoding: chunked
348 [Test worker] DEBUG org.apache.http.headers  - << Transfer-Encoding: chunked
348 [Test worker] DEBUG org.apache.http.headers  - << Content-Type: application/json
348 [Test worker] DEBUG org.apache.http.headers  - << Content-Type: application/json
348 [Test worker] DEBUG org.apache.http.headers  - << Access-Control-Allow-Methods: GET,POST,HEAD,OPTIONS,PUT,DELETE,PATCH
348 [Test worker] DEBUG org.apache.http.headers  - << Access-Control-Allow-Methods: GET,POST,HEAD,OPTIONS,PUT,DELETE,PATCH
357 [Test worker] DEBUG org.apache.http.impl.client.DefaultHttpClient  - Connection can be kept alive indefinitely
357 [Test worker] DEBUG org.apache.http.impl.client.DefaultHttpClient  - Connection can be kept alive indefinitely
375 [Test worker] DEBUG io.restassured.internal.RequestSpecificationImpl$RestAssuredHttpBuilder  - Parsing response as: application/json
375 [Test worker] DEBUG io.restassured.internal.RequestSpecificationImpl$RestAssuredHttpBuilder  - Parsing response as: application/json
375 [Test worker] DEBUG io.restassured.internal.RequestSpecificationImpl$RestAssuredHttpBuilder  - Parsed data to instance of: class org.apache.http.conn.EofSensorInputStream
375 [Test worker] DEBUG io.restassured.internal.RequestSpecificationImpl$RestAssuredHttpBuilder  - Parsed data to instance of: class org.apache.http.conn.EofSensorInputStream
405 [Test worker] DEBUG org.apache.http.wire  -  << "c3[\r][\n]"
405 [Test worker] DEBUG org.apache.http.wire  -  << "c3[\r][\n]"
405 [Test worker] DEBUG org.apache.http.wire  -  << "{"responseCode":-200005,"responseMessage":"Inputs are not valid.","responseMessageDetails":[{"code":-10010130,"message":"AccountNumber is invalid OR operation can't perform on current status."}]}"
405 [Test worker] DEBUG org.apache.http.wire  -  << "{"responseCode":-200005,"responseMessage":"Inputs are not valid.","responseMessageDetails":[{"code":-10010130,"message":"AccountNumber is invalid OR operation can't perform on current status."}]}"
406 [Test worker] DEBUG org.apache.http.wire  -  << "[\r][\n]"
406 [Test worker] DEBUG org.apache.http.wire  -  << "[\r][\n]"
406 [Test worker] DEBUG org.apache.http.wire  -  << "0[\r][\n]"
406 [Test worker] DEBUG org.apache.http.wire  -  << "0[\r][\n]"
406 [Test worker] DEBUG org.apache.http.wire  -  << "[\r][\n]"
406 [Test worker] DEBUG org.apache.http.wire  -  << "[\r][\n]"
406 [Test worker] DEBUG org.apache.http.impl.conn.BasicClientConnectionManager  - Releasing connection org.apache.http.impl.conn.ManagedClientConnectionImpl@14390754
406 [Test worker] DEBUG org.apache.http.impl.conn.BasicClientConnectionManager  - Releasing connection org.apache.http.impl.conn.ManagedClientConnectionImpl@14390754
406 [Test worker] DEBUG org.apache.http.impl.conn.BasicClientConnectionManager  - Connection can be kept alive indefinitely
406 [Test worker] DEBUG org.apache.http.impl.conn.BasicClientConnectionManager  - Connection can be kept alive indefinitely
-200005
Inputs are not valid.
]]></system-out>
  <system-err><![CDATA[]]></system-err>
</testsuite>
