<?xml version="1.0" encoding="UTF-8"?>
<testsuite name="testManager.ApiTesting" tests="2" skipped="0" failures="0" errors="0" timestamp="2019-09-13T09:24:40" hostname="SSAHMDTL03503" time="1.779">
  <properties/>
  <testcase name="createCity[0]({country=India, method=post, city=Ahmedabad, payload=system/createCity, ipAddress=10.121.25.11, state=Gujarat, responseMessage=City name already exists., status=SHOW, statusCode=200, responseCode=-1})" classname="testManager.ApiTesting" time="1.279"/>
  <testcase name="createCity[1]({country=India, method=post, city=Ahmedabad, payload=system/createCity, ipAddress=, state=Gujarat, responseMessage=createCity.arg0.ipAddress Invalid IP Address., status=SHOW, statusCode=400, responseCode=-1})" classname="testManager.ApiTesting" time="0.498"/>
  <system-out><![CDATA[0 [Test worker] DEBUG org.apache.http.impl.conn.BasicClientConnectionManager  - Get connection for route {}->http://dev.restapi.com:30005
8 [Test worker] DEBUG org.apache.http.impl.conn.DefaultClientConnectionOperator  - Connecting to dev.restapi.com:30005
17 [Test worker] DEBUG org.apache.http.client.protocol.RequestAddCookies  - CookieSpec selected: ignoreCookies
18 [Test worker] DEBUG org.apache.http.client.protocol.RequestAuthCache  - Auth cache not set in the context
18 [Test worker] DEBUG org.apache.http.client.protocol.RequestTargetAuthentication  - Target auth state: UNCHALLENGED
18 [Test worker] DEBUG org.apache.http.client.protocol.RequestProxyAuthentication  - Proxy auth state: UNCHALLENGED
18 [Test worker] DEBUG org.apache.http.impl.client.DefaultHttpClient  - Attempt 1 to execute request
19 [Test worker] DEBUG org.apache.http.impl.conn.DefaultClientConnection  - Sending request: POST /rest/system/createCity HTTP/1.1
19 [Test worker] DEBUG org.apache.http.wire  -  >> "POST /rest/system/createCity HTTP/1.1[\r][\n]"
19 [Test worker] DEBUG org.apache.http.wire  -  >> "password: sysadmin[\r][\n]"
20 [Test worker] DEBUG org.apache.http.wire  -  >> "Accept: */*[\r][\n]"
20 [Test worker] DEBUG org.apache.http.wire  -  >> "username: admin[\r][\n]"
20 [Test worker] DEBUG org.apache.http.wire  -  >> "Content-Type: application/json; charset=UTF-8[\r][\n]"
20 [Test worker] DEBUG org.apache.http.wire  -  >> "Content-Length: 99[\r][\n]"
20 [Test worker] DEBUG org.apache.http.wire  -  >> "Host: dev.restapi.com:30005[\r][\n]"
20 [Test worker] DEBUG org.apache.http.wire  -  >> "Connection: Keep-Alive[\r][\n]"
20 [Test worker] DEBUG org.apache.http.wire  -  >> "User-Agent: Apache-HttpClient/4.5.3 (Java/11.0.2)[\r][\n]"
20 [Test worker] DEBUG org.apache.http.wire  -  >> "Accept-Encoding: gzip,deflate[\r][\n]"
20 [Test worker] DEBUG org.apache.http.wire  -  >> "[\r][\n]"
20 [Test worker] DEBUG org.apache.http.headers  - >> POST /rest/system/createCity HTTP/1.1
20 [Test worker] DEBUG org.apache.http.headers  - >> password: sysadmin
20 [Test worker] DEBUG org.apache.http.headers  - >> Accept: */*
20 [Test worker] DEBUG org.apache.http.headers  - >> username: admin
20 [Test worker] DEBUG org.apache.http.headers  - >> Content-Type: application/json; charset=UTF-8
21 [Test worker] DEBUG org.apache.http.headers  - >> Content-Length: 99
21 [Test worker] DEBUG org.apache.http.headers  - >> Host: dev.restapi.com:30005
21 [Test worker] DEBUG org.apache.http.headers  - >> Connection: Keep-Alive
21 [Test worker] DEBUG org.apache.http.headers  - >> User-Agent: Apache-HttpClient/4.5.3 (Java/11.0.2)
21 [Test worker] DEBUG org.apache.http.headers  - >> Accept-Encoding: gzip,deflate
21 [Test worker] DEBUG org.apache.http.wire  -  >> "{"country":"India","city":"Ahmedabad","ipAddress":"10.121.25.11","state":"Gujarat","status":"SHOW"}"
350 [Test worker] DEBUG org.apache.http.wire  -  << "HTTP/1.1 200 OK[\r][\n]"
352 [Test worker] DEBUG org.apache.http.wire  -  << "X-Powered-By: Undertow/1[\r][\n]"
352 [Test worker] DEBUG org.apache.http.wire  -  << "Access-Control-Allow-Headers: content-type,password,username,ipaddress,tenantid,Authorization[\r][\n]"
352 [Test worker] DEBUG org.apache.http.wire  -  << "Server: WildFly/10[\r][\n]"
352 [Test worker] DEBUG org.apache.http.wire  -  << "X-Frame-Options: sameorigin[\r][\n]"
352 [Test worker] DEBUG org.apache.http.wire  -  << "Access-Control-Expose-Headers: Location[\r][\n]"
352 [Test worker] DEBUG org.apache.http.wire  -  << "Content-Security-Policy: frame-src 'self'; frame-ancestors 'self'; object-src 'self'[\r][\n]"
352 [Test worker] DEBUG org.apache.http.wire  -  << "Date: Fri, 13 Sep 2019 09:25:11 GMT[\r][\n]"
353 [Test worker] DEBUG org.apache.http.wire  -  << "Connection: keep-alive[\r][\n]"
353 [Test worker] DEBUG org.apache.http.wire  -  << "Access-Control-Allow-Origin: *[\r][\n]"
353 [Test worker] DEBUG org.apache.http.wire  -  << "Transfer-Encoding: chunked[\r][\n]"
353 [Test worker] DEBUG org.apache.http.wire  -  << "Content-Type: application/json[\r][\n]"
353 [Test worker] DEBUG org.apache.http.wire  -  << "Access-Control-Allow-Methods: GET,POST,HEAD,OPTIONS,PUT,DELETE,PATCH[\r][\n]"
353 [Test worker] DEBUG org.apache.http.wire  -  << "[\r][\n]"
354 [Test worker] DEBUG org.apache.http.impl.conn.DefaultClientConnection  - Receiving response: HTTP/1.1 200 OK
354 [Test worker] DEBUG org.apache.http.headers  - << HTTP/1.1 200 OK
354 [Test worker] DEBUG org.apache.http.headers  - << X-Powered-By: Undertow/1
354 [Test worker] DEBUG org.apache.http.headers  - << Access-Control-Allow-Headers: content-type,password,username,ipaddress,tenantid,Authorization
354 [Test worker] DEBUG org.apache.http.headers  - << Server: WildFly/10
355 [Test worker] DEBUG org.apache.http.headers  - << X-Frame-Options: sameorigin
355 [Test worker] DEBUG org.apache.http.headers  - << Access-Control-Expose-Headers: Location
355 [Test worker] DEBUG org.apache.http.headers  - << Content-Security-Policy: frame-src 'self'; frame-ancestors 'self'; object-src 'self'
355 [Test worker] DEBUG org.apache.http.headers  - << Date: Fri, 13 Sep 2019 09:25:11 GMT
355 [Test worker] DEBUG org.apache.http.headers  - << Connection: keep-alive
355 [Test worker] DEBUG org.apache.http.headers  - << Access-Control-Allow-Origin: *
355 [Test worker] DEBUG org.apache.http.headers  - << Transfer-Encoding: chunked
355 [Test worker] DEBUG org.apache.http.headers  - << Content-Type: application/json
355 [Test worker] DEBUG org.apache.http.headers  - << Access-Control-Allow-Methods: GET,POST,HEAD,OPTIONS,PUT,DELETE,PATCH
361 [Test worker] DEBUG org.apache.http.impl.client.DefaultHttpClient  - Connection can be kept alive indefinitely
371 [Test worker] DEBUG io.restassured.internal.RequestSpecificationImpl$RestAssuredHttpBuilder  - Parsing response as: application/json
372 [Test worker] DEBUG io.restassured.internal.RequestSpecificationImpl$RestAssuredHttpBuilder  - Parsed data to instance of: class org.apache.http.conn.EofSensorInputStream
415 [Test worker] DEBUG org.apache.http.wire  -  << "41[\r][\n]"
415 [Test worker] DEBUG org.apache.http.wire  -  << "{"responseCode":-1,"responseMessage":"City name already exists."}"
415 [Test worker] DEBUG org.apache.http.wire  -  << "[\r][\n]"
415 [Test worker] DEBUG org.apache.http.wire  -  << "0[\r][\n]"
415 [Test worker] DEBUG org.apache.http.wire  -  << "[\r][\n]"
415 [Test worker] DEBUG org.apache.http.impl.conn.BasicClientConnectionManager  - Releasing connection org.apache.http.impl.conn.ManagedClientConnectionImpl@3a12bd29
415 [Test worker] DEBUG org.apache.http.impl.conn.BasicClientConnectionManager  - Connection can be kept alive indefinitely
717 [Test worker] DEBUG org.apache.http.impl.conn.BasicClientConnectionManager  - Get connection for route {}->http://dev.restapi.com:30005
717 [Test worker] DEBUG org.apache.http.impl.conn.BasicClientConnectionManager  - Get connection for route {}->http://dev.restapi.com:30005
717 [Test worker] DEBUG org.apache.http.impl.conn.DefaultClientConnectionOperator  - Connecting to dev.restapi.com:30005
717 [Test worker] DEBUG org.apache.http.impl.conn.DefaultClientConnectionOperator  - Connecting to dev.restapi.com:30005
719 [Test worker] DEBUG org.apache.http.client.protocol.RequestAddCookies  - CookieSpec selected: ignoreCookies
719 [Test worker] DEBUG org.apache.http.client.protocol.RequestAddCookies  - CookieSpec selected: ignoreCookies
719 [Test worker] DEBUG org.apache.http.client.protocol.RequestAuthCache  - Auth cache not set in the context
719 [Test worker] DEBUG org.apache.http.client.protocol.RequestAuthCache  - Auth cache not set in the context
719 [Test worker] DEBUG org.apache.http.client.protocol.RequestTargetAuthentication  - Target auth state: UNCHALLENGED
719 [Test worker] DEBUG org.apache.http.client.protocol.RequestTargetAuthentication  - Target auth state: UNCHALLENGED
719 [Test worker] DEBUG org.apache.http.client.protocol.RequestProxyAuthentication  - Proxy auth state: UNCHALLENGED
719 [Test worker] DEBUG org.apache.http.client.protocol.RequestProxyAuthentication  - Proxy auth state: UNCHALLENGED
719 [Test worker] DEBUG org.apache.http.impl.client.DefaultHttpClient  - Attempt 1 to execute request
719 [Test worker] DEBUG org.apache.http.impl.client.DefaultHttpClient  - Attempt 1 to execute request
719 [Test worker] DEBUG org.apache.http.impl.conn.DefaultClientConnection  - Sending request: POST /rest/system/createCity HTTP/1.1
719 [Test worker] DEBUG org.apache.http.impl.conn.DefaultClientConnection  - Sending request: POST /rest/system/createCity HTTP/1.1
719 [Test worker] DEBUG org.apache.http.wire  -  >> "POST /rest/system/createCity HTTP/1.1[\r][\n]"
719 [Test worker] DEBUG org.apache.http.wire  -  >> "POST /rest/system/createCity HTTP/1.1[\r][\n]"
719 [Test worker] DEBUG org.apache.http.wire  -  >> "password: sysadmin[\r][\n]"
719 [Test worker] DEBUG org.apache.http.wire  -  >> "password: sysadmin[\r][\n]"
719 [Test worker] DEBUG org.apache.http.wire  -  >> "Accept: */*[\r][\n]"
719 [Test worker] DEBUG org.apache.http.wire  -  >> "Accept: */*[\r][\n]"
720 [Test worker] DEBUG org.apache.http.wire  -  >> "username: admin[\r][\n]"
720 [Test worker] DEBUG org.apache.http.wire  -  >> "username: admin[\r][\n]"
720 [Test worker] DEBUG org.apache.http.wire  -  >> "Content-Type: application/json; charset=UTF-8[\r][\n]"
720 [Test worker] DEBUG org.apache.http.wire  -  >> "Content-Type: application/json; charset=UTF-8[\r][\n]"
720 [Test worker] DEBUG org.apache.http.wire  -  >> "Content-Length: 87[\r][\n]"
720 [Test worker] DEBUG org.apache.http.wire  -  >> "Content-Length: 87[\r][\n]"
720 [Test worker] DEBUG org.apache.http.wire  -  >> "Host: dev.restapi.com:30005[\r][\n]"
720 [Test worker] DEBUG org.apache.http.wire  -  >> "Host: dev.restapi.com:30005[\r][\n]"
720 [Test worker] DEBUG org.apache.http.wire  -  >> "Connection: Keep-Alive[\r][\n]"
720 [Test worker] DEBUG org.apache.http.wire  -  >> "Connection: Keep-Alive[\r][\n]"
720 [Test worker] DEBUG org.apache.http.wire  -  >> "User-Agent: Apache-HttpClient/4.5.3 (Java/11.0.2)[\r][\n]"
720 [Test worker] DEBUG org.apache.http.wire  -  >> "User-Agent: Apache-HttpClient/4.5.3 (Java/11.0.2)[\r][\n]"
720 [Test worker] DEBUG org.apache.http.wire  -  >> "Accept-Encoding: gzip,deflate[\r][\n]"
720 [Test worker] DEBUG org.apache.http.wire  -  >> "Accept-Encoding: gzip,deflate[\r][\n]"
720 [Test worker] DEBUG org.apache.http.wire  -  >> "[\r][\n]"
720 [Test worker] DEBUG org.apache.http.wire  -  >> "[\r][\n]"
720 [Test worker] DEBUG org.apache.http.headers  - >> POST /rest/system/createCity HTTP/1.1
720 [Test worker] DEBUG org.apache.http.headers  - >> POST /rest/system/createCity HTTP/1.1
720 [Test worker] DEBUG org.apache.http.headers  - >> password: sysadmin
720 [Test worker] DEBUG org.apache.http.headers  - >> password: sysadmin
720 [Test worker] DEBUG org.apache.http.headers  - >> Accept: */*
720 [Test worker] DEBUG org.apache.http.headers  - >> Accept: */*
720 [Test worker] DEBUG org.apache.http.headers  - >> username: admin
720 [Test worker] DEBUG org.apache.http.headers  - >> username: admin
721 [Test worker] DEBUG org.apache.http.headers  - >> Content-Type: application/json; charset=UTF-8
721 [Test worker] DEBUG org.apache.http.headers  - >> Content-Type: application/json; charset=UTF-8
721 [Test worker] DEBUG org.apache.http.headers  - >> Content-Length: 87
721 [Test worker] DEBUG org.apache.http.headers  - >> Content-Length: 87
721 [Test worker] DEBUG org.apache.http.headers  - >> Host: dev.restapi.com:30005
721 [Test worker] DEBUG org.apache.http.headers  - >> Host: dev.restapi.com:30005
721 [Test worker] DEBUG org.apache.http.headers  - >> Connection: Keep-Alive
721 [Test worker] DEBUG org.apache.http.headers  - >> Connection: Keep-Alive
721 [Test worker] DEBUG org.apache.http.headers  - >> User-Agent: Apache-HttpClient/4.5.3 (Java/11.0.2)
721 [Test worker] DEBUG org.apache.http.headers  - >> User-Agent: Apache-HttpClient/4.5.3 (Java/11.0.2)
721 [Test worker] DEBUG org.apache.http.headers  - >> Accept-Encoding: gzip,deflate
721 [Test worker] DEBUG org.apache.http.headers  - >> Accept-Encoding: gzip,deflate
721 [Test worker] DEBUG org.apache.http.wire  -  >> "{"country":"India","city":"Ahmedabad","ipAddress":"","state":"Gujarat","status":"SHOW"}"
721 [Test worker] DEBUG org.apache.http.wire  -  >> "{"country":"India","city":"Ahmedabad","ipAddress":"","state":"Gujarat","status":"SHOW"}"
1040 [Test worker] DEBUG org.apache.http.wire  -  << "HTTP/1.1 400 Bad Request[\r][\n]"
1040 [Test worker] DEBUG org.apache.http.wire  -  << "HTTP/1.1 400 Bad Request[\r][\n]"
1040 [Test worker] DEBUG org.apache.http.wire  -  << "X-Powered-By: Undertow/1[\r][\n]"
1040 [Test worker] DEBUG org.apache.http.wire  -  << "X-Powered-By: Undertow/1[\r][\n]"
1040 [Test worker] DEBUG org.apache.http.wire  -  << "Access-Control-Allow-Headers: content-type,password,username,ipaddress,tenantid,Authorization[\r][\n]"
1040 [Test worker] DEBUG org.apache.http.wire  -  << "Access-Control-Allow-Headers: content-type,password,username,ipaddress,tenantid,Authorization[\r][\n]"
1040 [Test worker] DEBUG org.apache.http.wire  -  << "Server: WildFly/10[\r][\n]"
1040 [Test worker] DEBUG org.apache.http.wire  -  << "Server: WildFly/10[\r][\n]"
1040 [Test worker] DEBUG org.apache.http.wire  -  << "X-Frame-Options: sameorigin[\r][\n]"
1040 [Test worker] DEBUG org.apache.http.wire  -  << "X-Frame-Options: sameorigin[\r][\n]"
1040 [Test worker] DEBUG org.apache.http.wire  -  << "Access-Control-Expose-Headers: Location[\r][\n]"
1040 [Test worker] DEBUG org.apache.http.wire  -  << "Access-Control-Expose-Headers: Location[\r][\n]"
1040 [Test worker] DEBUG org.apache.http.wire  -  << "Content-Security-Policy: frame-src 'self'; frame-ancestors 'self'; object-src 'self'[\r][\n]"
1040 [Test worker] DEBUG org.apache.http.wire  -  << "Content-Security-Policy: frame-src 'self'; frame-ancestors 'self'; object-src 'self'[\r][\n]"
1040 [Test worker] DEBUG org.apache.http.wire  -  << "Date: Fri, 13 Sep 2019 09:25:12 GMT[\r][\n]"
1040 [Test worker] DEBUG org.apache.http.wire  -  << "Date: Fri, 13 Sep 2019 09:25:12 GMT[\r][\n]"
1040 [Test worker] DEBUG org.apache.http.wire  -  << "Connection: keep-alive[\r][\n]"
1040 [Test worker] DEBUG org.apache.http.wire  -  << "Connection: keep-alive[\r][\n]"
1040 [Test worker] DEBUG org.apache.http.wire  -  << "Access-Control-Allow-Origin: *[\r][\n]"
1040 [Test worker] DEBUG org.apache.http.wire  -  << "Access-Control-Allow-Origin: *[\r][\n]"
1040 [Test worker] DEBUG org.apache.http.wire  -  << "Transfer-Encoding: chunked[\r][\n]"
1040 [Test worker] DEBUG org.apache.http.wire  -  << "Transfer-Encoding: chunked[\r][\n]"
1040 [Test worker] DEBUG org.apache.http.wire  -  << "Content-Type: application/json[\r][\n]"
1040 [Test worker] DEBUG org.apache.http.wire  -  << "Content-Type: application/json[\r][\n]"
1041 [Test worker] DEBUG org.apache.http.wire  -  << "Access-Control-Allow-Methods: GET,POST,HEAD,OPTIONS,PUT,DELETE,PATCH[\r][\n]"
1041 [Test worker] DEBUG org.apache.http.wire  -  << "Access-Control-Allow-Methods: GET,POST,HEAD,OPTIONS,PUT,DELETE,PATCH[\r][\n]"
1041 [Test worker] DEBUG org.apache.http.wire  -  << "[\r][\n]"
1041 [Test worker] DEBUG org.apache.http.wire  -  << "[\r][\n]"
1041 [Test worker] DEBUG org.apache.http.impl.conn.DefaultClientConnection  - Receiving response: HTTP/1.1 400 Bad Request
1041 [Test worker] DEBUG org.apache.http.impl.conn.DefaultClientConnection  - Receiving response: HTTP/1.1 400 Bad Request
1041 [Test worker] DEBUG org.apache.http.headers  - << HTTP/1.1 400 Bad Request
1041 [Test worker] DEBUG org.apache.http.headers  - << HTTP/1.1 400 Bad Request
1041 [Test worker] DEBUG org.apache.http.headers  - << X-Powered-By: Undertow/1
1041 [Test worker] DEBUG org.apache.http.headers  - << X-Powered-By: Undertow/1
1041 [Test worker] DEBUG org.apache.http.headers  - << Access-Control-Allow-Headers: content-type,password,username,ipaddress,tenantid,Authorization
1041 [Test worker] DEBUG org.apache.http.headers  - << Access-Control-Allow-Headers: content-type,password,username,ipaddress,tenantid,Authorization
1041 [Test worker] DEBUG org.apache.http.headers  - << Server: WildFly/10
1041 [Test worker] DEBUG org.apache.http.headers  - << Server: WildFly/10
1041 [Test worker] DEBUG org.apache.http.headers  - << X-Frame-Options: sameorigin
1041 [Test worker] DEBUG org.apache.http.headers  - << X-Frame-Options: sameorigin
1041 [Test worker] DEBUG org.apache.http.headers  - << Access-Control-Expose-Headers: Location
1041 [Test worker] DEBUG org.apache.http.headers  - << Access-Control-Expose-Headers: Location
1041 [Test worker] DEBUG org.apache.http.headers  - << Content-Security-Policy: frame-src 'self'; frame-ancestors 'self'; object-src 'self'
1041 [Test worker] DEBUG org.apache.http.headers  - << Content-Security-Policy: frame-src 'self'; frame-ancestors 'self'; object-src 'self'
1041 [Test worker] DEBUG org.apache.http.headers  - << Date: Fri, 13 Sep 2019 09:25:12 GMT
1041 [Test worker] DEBUG org.apache.http.headers  - << Date: Fri, 13 Sep 2019 09:25:12 GMT
1041 [Test worker] DEBUG org.apache.http.headers  - << Connection: keep-alive
1041 [Test worker] DEBUG org.apache.http.headers  - << Connection: keep-alive
1041 [Test worker] DEBUG org.apache.http.headers  - << Access-Control-Allow-Origin: *
1041 [Test worker] DEBUG org.apache.http.headers  - << Access-Control-Allow-Origin: *
1041 [Test worker] DEBUG org.apache.http.headers  - << Transfer-Encoding: chunked
1041 [Test worker] DEBUG org.apache.http.headers  - << Transfer-Encoding: chunked
1041 [Test worker] DEBUG org.apache.http.headers  - << Content-Type: application/json
1041 [Test worker] DEBUG org.apache.http.headers  - << Content-Type: application/json
1041 [Test worker] DEBUG org.apache.http.headers  - << Access-Control-Allow-Methods: GET,POST,HEAD,OPTIONS,PUT,DELETE,PATCH
1041 [Test worker] DEBUG org.apache.http.headers  - << Access-Control-Allow-Methods: GET,POST,HEAD,OPTIONS,PUT,DELETE,PATCH
1041 [Test worker] DEBUG org.apache.http.impl.client.DefaultHttpClient  - Connection can be kept alive indefinitely
1041 [Test worker] DEBUG org.apache.http.impl.client.DefaultHttpClient  - Connection can be kept alive indefinitely
1042 [Test worker] DEBUG io.restassured.internal.RequestSpecificationImpl$RestAssuredHttpBuilder  - Parsing response as: application/json
1042 [Test worker] DEBUG io.restassured.internal.RequestSpecificationImpl$RestAssuredHttpBuilder  - Parsing response as: application/json
1042 [Test worker] DEBUG io.restassured.internal.RequestSpecificationImpl$RestAssuredHttpBuilder  - Parsed data to instance of: class org.apache.http.conn.EofSensorInputStream
1042 [Test worker] DEBUG io.restassured.internal.RequestSpecificationImpl$RestAssuredHttpBuilder  - Parsed data to instance of: class org.apache.http.conn.EofSensorInputStream
1043 [Test worker] DEBUG org.apache.http.wire  -  << "55[\r][\n]"
1043 [Test worker] DEBUG org.apache.http.wire  -  << "55[\r][\n]"
1043 [Test worker] DEBUG org.apache.http.wire  -  << "{"responseCode":-1,"responseMessage":"createCity.arg0.ipAddress Invalid IP Address."}"
1043 [Test worker] DEBUG org.apache.http.wire  -  << "{"responseCode":-1,"responseMessage":"createCity.arg0.ipAddress Invalid IP Address."}"
1043 [Test worker] DEBUG org.apache.http.wire  -  << "[\r][\n]"
1043 [Test worker] DEBUG org.apache.http.wire  -  << "[\r][\n]"
1043 [Test worker] DEBUG org.apache.http.wire  -  << "0[\r][\n]"
1043 [Test worker] DEBUG org.apache.http.wire  -  << "0[\r][\n]"
1044 [Test worker] DEBUG org.apache.http.wire  -  << "[\r][\n]"
1044 [Test worker] DEBUG org.apache.http.wire  -  << "[\r][\n]"
1044 [Test worker] DEBUG org.apache.http.impl.conn.BasicClientConnectionManager  - Releasing connection org.apache.http.impl.conn.ManagedClientConnectionImpl@229cd869
1044 [Test worker] DEBUG org.apache.http.impl.conn.BasicClientConnectionManager  - Releasing connection org.apache.http.impl.conn.ManagedClientConnectionImpl@229cd869
1044 [Test worker] DEBUG org.apache.http.impl.conn.BasicClientConnectionManager  - Connection can be kept alive indefinitely
1044 [Test worker] DEBUG org.apache.http.impl.conn.BasicClientConnectionManager  - Connection can be kept alive indefinitely
]]></system-out>
  <system-err><![CDATA[]]></system-err>
</testsuite>
