<?xml version="1.0" encoding="UTF-8"?>
<testsuite name="launch" tests="1" skipped="0" failures="0" errors="0" timestamp="2019-08-26T09:42:08" hostname="SSAHMDTL03503" time="6.096">
  <properties/>
  <testcase name="testing" classname="launch" time="6.096"/>
  <system-out><![CDATA[]]></system-out>
  <system-err><![CDATA[Starting ChromeDriver 2.41.578700 (2f1ed5f9343c13f73144538f15c00b370eda6706) on port 19565
Only local connections are allowed.
Aug 26, 2019 3:12:09 PM org.openqa.selenium.remote.ProtocolHandshake createSession
INFO: Detected dialect: OSS
]]></system-err>
</testsuite>
