<?xml version="1.0" encoding="UTF-8"?>
<testsuite name="selenium.seleniumDocker" tests="1" skipped="0" failures="0" errors="0" timestamp="2019-08-26T11:28:00" hostname="SSAHMDTL03503" time="3.13">
  <properties/>
  <testcase name="runTestOnDocker" classname="selenium.seleniumDocker" time="3.13"/>
  <system-out><![CDATA[]]></system-out>
  <system-err><![CDATA[Aug 26, 2019 4:58:00 PM org.openqa.selenium.remote.DesiredCapabilities chrome
INFO: Using `new ChromeOptions()` is preferred to `DesiredCapabilities.chrome()`
Aug 26, 2019 4:58:01 PM org.openqa.selenium.remote.ProtocolHandshake createSession
INFO: Detected dialect: W3C
Google
]]></system-err>
</testsuite>
