<?xml version="1.0" encoding="UTF-8"?>
<testsuite name="testManager.SeleniumDocker" tests="1" skipped="0" failures="0" errors="0" timestamp="2019-09-05T05:39:40" hostname="SSAHMDTL03503" time="4.607">
  <properties/>
  <testcase name="runTestOnDocker" classname="testManager.SeleniumDocker" time="4.607"/>
  <system-out><![CDATA[?[m2019-09-05 11:09:40 - INFO  (NativeMethodAccessorImpl.invoke0:-2) - #######  runTestOnDocker  #######?[m
?[m2019-09-05 11:09:40 - INFO  (NativeMethodAccessorImpl.invoke:62) - Test started?[m
?[m2019-09-05 11:09:44 - INFO  (NativeMethodAccessorImpl.invoke:62) - Test ended?[m
?[m2019-09-05 11:09:44 - INFO  (NativeMethodAccessorImpl.invoke0:-2) - runTestOnDocker Pass?[m
]]></system-out>
  <system-err><![CDATA[Sep 05, 2019 11:09:40 AM org.openqa.selenium.remote.DesiredCapabilities chrome
INFO: Using `new ChromeOptions()` is preferred to `DesiredCapabilities.chrome()`
Sep 05, 2019 11:09:41 AM org.openqa.selenium.remote.ProtocolHandshake createSession
INFO: Detected dialect: W3C
Google
]]></system-err>
</testsuite>
