<?xml version="1.0" encoding="UTF-8"?>
<testsuite name="selenium.SeleniumDocker" tests="1" skipped="0" failures="0" errors="0" timestamp="2019-08-26T11:40:38" hostname="SSAHMDTL03503" time="3.153">
  <properties/>
  <testcase name="runTestOnDocker" classname="selenium.SeleniumDocker" time="3.153"/>
  <system-out><![CDATA[?[m2019-08-26 17:10:38 - INFO  (NativeMethodAccessorImpl.invoke:62) - Test started?[m
?[m2019-08-26 17:10:41 - INFO  (NativeMethodAccessorImpl.invoke:62) - Test ended?[m
]]></system-out>
  <system-err><![CDATA[Aug 26, 2019 5:10:38 PM org.openqa.selenium.remote.DesiredCapabilities chrome
INFO: Using `new ChromeOptions()` is preferred to `DesiredCapabilities.chrome()`
Aug 26, 2019 5:10:38 PM org.openqa.selenium.remote.ProtocolHandshake createSession
INFO: Detected dialect: W3C
Google
]]></system-err>
</testsuite>
