<?xml version="1.0" encoding="UTF-8"?>
<testsuite name="testManager.TestManager" tests="1" skipped="0" failures="0" errors="0" timestamp="2019-09-05T05:38:14" hostname="SSAHMDTL03503" time="5.914">
  <properties/>
  <testcase name="testing" classname="testManager.TestManager" time="5.914"/>
  <system-out><![CDATA[?[m2019-09-05 11:08:14 - INFO  (NativeMethodAccessorImpl.invoke0:-2) - #######  testing  #######?[m
?[m2019-09-05 11:08:14 - INFO  (NativeMethodAccessorImpl.invoke:62) - Test started?[m
?[m2019-09-05 11:08:17 - DEBUG (NativeMethodAccessorImpl.invoke:62) - Google?[m
?[m2019-09-05 11:08:20 - INFO  (NativeMethodAccessorImpl.invoke:62) - Test ended?[m
?[m2019-09-05 11:08:20 - INFO  (NativeMethodAccessorImpl.invoke0:-2) - testing Pass?[m
]]></system-out>
  <system-err><![CDATA[]]></system-err>
</testsuite>
