<?xml version="1.0" encoding="UTF-8"?>
<testsuite name="selenium.Launch" tests="1" skipped="0" failures="0" errors="0" timestamp="2019-08-26T14:44:23" hostname="SSAHMDTL03503" time="6.208">
  <properties/>
  <testcase name="testing" classname="selenium.Launch" time="6.208"/>
  <system-out><![CDATA[?[m2019-08-26 20:14:23 - INFO  (NativeMethodAccessorImpl.invoke:62) - Test started?[m
?[m2019-08-26 20:14:29 - INFO  (NativeMethodAccessorImpl.invoke:62) - Test ended?[m
]]></system-out>
  <system-err><![CDATA[Starting ChromeDriver 2.41.578700 (2f1ed5f9343c13f73144538f15c00b370eda6706) on port 4142
Only local connections are allowed.
Aug 26, 2019 8:14:23 PM org.openqa.selenium.remote.ProtocolHandshake createSession
INFO: Detected dialect: OSS
Google
]]></system-err>
</testsuite>
